2011-16-28 09:16:40.767 [main] WARN org.apache.hadoop.mapred.JobClient - Use GenericOptionsParser for parsing the arguments. Applications should implement Tool for the same.
2011-16-28 09:16:41.328 [main] INFO org.apache.hadoop.mapreduce.lib.input.FileInputFormat - Total input paths to process : 1
2011-16-28 09:16:41.527 [main] INFO org.apache.hadoop.mapred.JobClient - Running job: job_201111280951_0004
2011-16-28 09:16:42.531 [main] INFO org.apache.hadoop.mapred.JobClient -  map 0% reduce 0%
2011-47-30 17:47:17.243 [main] WARN org.apache.hadoop.mapred.JobClient - Use GenericOptionsParser for parsing the arguments. Applications should implement Tool for the same.
2011-47-30 17:47:17.390 [main] INFO org.apache.hadoop.mapreduce.lib.input.FileInputFormat - Total input paths to process : 1
2011-47-30 17:47:17.719 [main] INFO org.apache.hadoop.mapred.JobClient - Running job: job_201111301746_0001
2011-47-30 17:47:18.723 [main] INFO org.apache.hadoop.mapred.JobClient -  map 0% reduce 0%
2011-47-30 17:47:35.802 [main] INFO org.apache.hadoop.mapred.JobClient -  map 100% reduce 0%
2011-47-30 17:47:47.852 [main] INFO org.apache.hadoop.mapred.JobClient -  map 100% reduce 100%
2011-47-30 17:47:52.876 [main] INFO org.apache.hadoop.mapred.JobClient - Job complete: job_201111301746_0001
2011-47-30 17:47:52.900 [main] INFO org.apache.hadoop.mapred.JobClient - Counters: 24
2011-47-30 17:47:52.900 [main] INFO org.apache.hadoop.mapred.JobClient -   Job Counters 
2011-47-30 17:47:52.901 [main] INFO org.apache.hadoop.mapred.JobClient -     Launched reduce tasks=1
2011-47-30 17:47:52.901 [main] INFO org.apache.hadoop.mapred.JobClient -     SLOTS_MILLIS_MAPS=15055
2011-47-30 17:47:52.901 [main] INFO org.apache.hadoop.mapred.JobClient -     Total time spent by all reduces waiting after reserving slots (ms)=0
2011-47-30 17:47:52.901 [main] INFO org.apache.hadoop.mapred.JobClient -     Total time spent by all maps waiting after reserving slots (ms)=0
2011-47-30 17:47:52.901 [main] INFO org.apache.hadoop.mapred.JobClient -     Launched map tasks=1
2011-47-30 17:47:52.902 [main] INFO org.apache.hadoop.mapred.JobClient -     Data-local map tasks=1
2011-47-30 17:47:52.902 [main] INFO org.apache.hadoop.mapred.JobClient -     SLOTS_MILLIS_REDUCES=10048
2011-47-30 17:47:52.902 [main] INFO org.apache.hadoop.mapred.JobClient -   File Output Format Counters 
2011-47-30 17:47:52.902 [main] INFO org.apache.hadoop.mapred.JobClient -     Bytes Written=0
2011-47-30 17:47:52.902 [main] INFO org.apache.hadoop.mapred.JobClient -   FileSystemCounters
2011-47-30 17:47:52.902 [main] INFO org.apache.hadoop.mapred.JobClient -     FILE_BYTES_READ=6
2011-47-30 17:47:52.902 [main] INFO org.apache.hadoop.mapred.JobClient -     HDFS_BYTES_READ=25009193
2011-47-30 17:47:52.902 [main] INFO org.apache.hadoop.mapred.JobClient -     FILE_BYTES_WRITTEN=42999
2011-47-30 17:47:52.902 [main] INFO org.apache.hadoop.mapred.JobClient -   File Input Format Counters 
2011-47-30 17:47:52.903 [main] INFO org.apache.hadoop.mapred.JobClient -     Bytes Read=25009055
2011-47-30 17:47:52.903 [main] INFO org.apache.hadoop.mapred.JobClient -   Map-Reduce Framework
2011-47-30 17:47:52.903 [main] INFO org.apache.hadoop.mapred.JobClient -     Reduce input groups=0
2011-47-30 17:47:52.903 [main] INFO org.apache.hadoop.mapred.JobClient -     Map output materialized bytes=6
2011-47-30 17:47:52.903 [main] INFO org.apache.hadoop.mapred.JobClient -     Combine output records=0
2011-47-30 17:47:52.903 [main] INFO org.apache.hadoop.mapred.JobClient -     Map input records=1532801
2011-47-30 17:47:52.903 [main] INFO org.apache.hadoop.mapred.JobClient -     Reduce shuffle bytes=0
2011-47-30 17:47:52.903 [main] INFO org.apache.hadoop.mapred.JobClient -     Reduce output records=0
2011-47-30 17:47:52.904 [main] INFO org.apache.hadoop.mapred.JobClient -     Spilled Records=0
2011-47-30 17:47:52.904 [main] INFO org.apache.hadoop.mapred.JobClient -     Map output bytes=0
2011-47-30 17:47:52.904 [main] INFO org.apache.hadoop.mapred.JobClient -     Combine input records=0
2011-47-30 17:47:52.904 [main] INFO org.apache.hadoop.mapred.JobClient -     Map output records=0
2011-47-30 17:47:52.904 [main] INFO org.apache.hadoop.mapred.JobClient -     SPLIT_RAW_BYTES=138
2011-47-30 17:47:52.904 [main] INFO org.apache.hadoop.mapred.JobClient -     Reduce input records=0
2011-47-30 17:47:52.955 [main] WARN org.apache.hadoop.mapred.JobClient - Use GenericOptionsParser for parsing the arguments. Applications should implement Tool for the same.
2011-47-30 17:47:53.012 [main] INFO org.apache.hadoop.mapreduce.lib.input.FileInputFormat - Total input paths to process : 1
2011-47-30 17:47:53.129 [main] INFO org.apache.hadoop.mapred.JobClient - Running job: job_201111301746_0002
2011-47-30 17:47:54.132 [main] INFO org.apache.hadoop.mapred.JobClient -  map 0% reduce 0%
2011-48-30 17:48:08.185 [main] INFO org.apache.hadoop.mapred.JobClient -  map 100% reduce 0%
2011-48-30 17:48:20.222 [main] INFO org.apache.hadoop.mapred.JobClient -  map 100% reduce 100%
2011-48-30 17:48:25.252 [main] INFO org.apache.hadoop.mapred.JobClient - Job complete: job_201111301746_0002
2011-48-30 17:48:25.256 [main] INFO org.apache.hadoop.mapred.JobClient - Counters: 25
2011-48-30 17:48:25.256 [main] INFO org.apache.hadoop.mapred.JobClient -   Job Counters 
2011-48-30 17:48:25.256 [main] INFO org.apache.hadoop.mapred.JobClient -     Launched reduce tasks=1
2011-48-30 17:48:25.256 [main] INFO org.apache.hadoop.mapred.JobClient -     SLOTS_MILLIS_MAPS=11876
2011-48-30 17:48:25.256 [main] INFO org.apache.hadoop.mapred.JobClient -     Total time spent by all reduces waiting after reserving slots (ms)=0
2011-48-30 17:48:25.257 [main] INFO org.apache.hadoop.mapred.JobClient -     Total time spent by all maps waiting after reserving slots (ms)=0
2011-48-30 17:48:25.257 [main] INFO org.apache.hadoop.mapred.JobClient -     Launched map tasks=1
2011-48-30 17:48:25.257 [main] INFO org.apache.hadoop.mapred.JobClient -     Data-local map tasks=1
2011-48-30 17:48:25.257 [main] INFO org.apache.hadoop.mapred.JobClient -     SLOTS_MILLIS_REDUCES=9985
2011-48-30 17:48:25.257 [main] INFO org.apache.hadoop.mapred.JobClient -   File Output Format Counters 
2011-48-30 17:48:25.257 [main] INFO org.apache.hadoop.mapred.JobClient -     Bytes Written=6283422
2011-48-30 17:48:25.257 [main] INFO org.apache.hadoop.mapred.JobClient -   FileSystemCounters
2011-48-30 17:48:25.257 [main] INFO org.apache.hadoop.mapred.JobClient -     FILE_BYTES_READ=4718598
2011-48-30 17:48:25.258 [main] INFO org.apache.hadoop.mapred.JobClient -     HDFS_BYTES_READ=6283573
2011-48-30 17:48:25.258 [main] INFO org.apache.hadoop.mapred.JobClient -     FILE_BYTES_WRITTEN=9479537
2011-48-30 17:48:25.258 [main] INFO org.apache.hadoop.mapred.JobClient -     HDFS_BYTES_WRITTEN=6283422
2011-48-30 17:48:25.258 [main] INFO org.apache.hadoop.mapred.JobClient -   File Input Format Counters 
2011-48-30 17:48:25.258 [main] INFO org.apache.hadoop.mapred.JobClient -     Bytes Read=6283422
2011-48-30 17:48:25.258 [main] INFO org.apache.hadoop.mapred.JobClient -   Map-Reduce Framework
2011-48-30 17:48:25.258 [main] INFO org.apache.hadoop.mapred.JobClient -     Reduce input groups=262144
2011-48-30 17:48:25.258 [main] INFO org.apache.hadoop.mapred.JobClient -     Map output materialized bytes=4718598
2011-48-30 17:48:25.258 [main] INFO org.apache.hadoop.mapred.JobClient -     Combine output records=0
2011-48-30 17:48:25.259 [main] INFO org.apache.hadoop.mapred.JobClient -     Map input records=262144
2011-48-30 17:48:25.259 [main] INFO org.apache.hadoop.mapred.JobClient -     Reduce shuffle bytes=0
2011-48-30 17:48:25.259 [main] INFO org.apache.hadoop.mapred.JobClient -     Reduce output records=262144
2011-48-30 17:48:25.259 [main] INFO org.apache.hadoop.mapred.JobClient -     Spilled Records=524288
2011-48-30 17:48:25.259 [main] INFO org.apache.hadoop.mapred.JobClient -     Map output bytes=4194304
2011-48-30 17:48:25.259 [main] INFO org.apache.hadoop.mapred.JobClient -     Combine input records=0
2011-48-30 17:48:25.259 [main] INFO org.apache.hadoop.mapred.JobClient -     Map output records=262144
2011-48-30 17:48:25.259 [main] INFO org.apache.hadoop.mapred.JobClient -     SPLIT_RAW_BYTES=151
2011-48-30 17:48:25.259 [main] INFO org.apache.hadoop.mapred.JobClient -     Reduce input records=262144
2011-50-30 17:50:41.986 [main] WARN org.apache.hadoop.mapred.JobClient - Use GenericOptionsParser for parsing the arguments. Applications should implement Tool for the same.
2011-50-30 17:50:42.133 [main] INFO org.apache.hadoop.mapreduce.lib.input.FileInputFormat - Total input paths to process : 3
2011-50-30 17:50:42.352 [main] INFO org.apache.hadoop.mapred.JobClient - Running job: job_201111301746_0003
2011-50-30 17:50:43.362 [main] INFO org.apache.hadoop.mapred.JobClient -  map 0% reduce 0%
2011-50-30 17:50:59.428 [main] INFO org.apache.hadoop.mapred.JobClient -  map 50% reduce 0%
2011-51-30 17:51:44.528 [main] INFO org.apache.hadoop.mapred.JobClient -  map 75% reduce 0%
2011-51-30 17:51:50.540 [main] INFO org.apache.hadoop.mapred.JobClient -  map 75% reduce 8%
