Contrail 0.8.2
==================================================================================
Input: ContrailPlus/
Workdir: ContrailPlus/
localBasePath: work/
HADOOP_MAPPERS = 50
HADOOP_REDUCERS = 50
HADOOP_JAVA_OPTS = -Xmx1000m
HADOOP_TIMEOUT = 3600000
HADOOP_LOCALNODES = 1000
RESTART_INITIAL = 0
RESTART_TIP = 0
RESTART_TIP_REMAIN = 0
RESTART_COMPRESS = 0
RESTART_COMPRESS_REMAIN = 0
RESTART_SCAFF_PHASE = 0
RESTART_SCAFF_STAGE = null
RESTART_SCAFF_FRONTIER = 0
PREPROCESS_SUFFIX = 0
K = 12
MAXR5 = 250
MAXTHREADREADS = 250
TRIM5 = 0
TRIM3 = 0
RECORD_ALL_THREADS = 0
TIPLENGTH = 36
MAXBUBBLELEN = 60
BUBBLEEDITRATE = 0.05
LOW_COV_THRESH = 3.0
MAX_LOW_COV_LEN = 50
MIN_THREAD_WEIGHT = 5
INSERT_LEN = 0
MIN_WIGGLE = 30
MIN_CTG_LEN = 12
MIN_UNIQUE_COV = 0.0
MAX_UNIQUE_COV = 0.0
MAX_FRONTIER = 10
RUN_STATS = null
N50_TARGET = -1
CONVERT_FA = null
PRINT_FA = null
FASTA_MIN_LEN = 100
FASTA_MIN_COV = 2.0

== Starting time 2012-03-04 03:05:43
Contrail 0.8.2
==================================================================================
Input: ContrailPlus/
Workdir: ContrailPlus/
localBasePath: work/
HADOOP_MAPPERS = 50
HADOOP_REDUCERS = 50
HADOOP_JAVA_OPTS = -Xmx1000m
HADOOP_TIMEOUT = 3600000
HADOOP_LOCALNODES = 1000
RESTART_INITIAL = 0
RESTART_TIP = 0
RESTART_TIP_REMAIN = 0
RESTART_COMPRESS = 0
RESTART_COMPRESS_REMAIN = 0
RESTART_SCAFF_PHASE = 0
RESTART_SCAFF_STAGE = null
RESTART_SCAFF_FRONTIER = 0
PREPROCESS_SUFFIX = 0
K = 12
MAXR5 = 250
MAXTHREADREADS = 250
TRIM5 = 0
TRIM3 = 0
RECORD_ALL_THREADS = 0
TIPLENGTH = 36
MAXBUBBLELEN = 60
BUBBLEEDITRATE = 0.05
LOW_COV_THRESH = 3.0
MAX_LOW_COV_LEN = 50
MIN_THREAD_WEIGHT = 5
INSERT_LEN = 0
MIN_WIGGLE = 30
MIN_CTG_LEN = 12
MIN_UNIQUE_COV = 0.0
MAX_UNIQUE_COV = 0.0
MAX_FRONTIER = 10
RUN_STATS = null
N50_TARGET = -1
CONVERT_FA = null
PRINT_FA = null
FASTA_MIN_LEN = 100
FASTA_MIN_COV = 2.0

== Starting time 2012-03-04 16:53:07
Contrail 0.8.2
==================================================================================
Input: ContrailPlus/
Workdir: ContrailPlus/
localBasePath: work/
HADOOP_MAPPERS = 50
HADOOP_REDUCERS = 50
HADOOP_JAVA_OPTS = -Xmx1000m
HADOOP_TIMEOUT = 3600000
HADOOP_LOCALNODES = 1000
RESTART_INITIAL = 0
RESTART_TIP = 0
RESTART_TIP_REMAIN = 0
RESTART_COMPRESS = 0
RESTART_COMPRESS_REMAIN = 0
RESTART_SCAFF_PHASE = 0
RESTART_SCAFF_STAGE = null
RESTART_SCAFF_FRONTIER = 0
PREPROCESS_SUFFIX = 0
K = 12
MAXR5 = 250
MAXTHREADREADS = 250
TRIM5 = 0
TRIM3 = 0
RECORD_ALL_THREADS = 0
TIPLENGTH = 36
MAXBUBBLELEN = 60
BUBBLEEDITRATE = 0.05
LOW_COV_THRESH = 3.0
MAX_LOW_COV_LEN = 50
MIN_THREAD_WEIGHT = 5
INSERT_LEN = 0
MIN_WIGGLE = 30
MIN_CTG_LEN = 12
MIN_UNIQUE_COV = 0.0
MAX_UNIQUE_COV = 0.0
MAX_FRONTIER = 10
RUN_STATS = null
N50_TARGET = -1
CONVERT_FA = null
PRINT_FA = null
FASTA_MIN_LEN = 100
FASTA_MIN_COV = 2.0

== Starting time 2012-03-04 17:09:41
Contrail 0.8.2
==================================================================================
Input: ContrailPlus/
Workdir: ContrailPlus/
localBasePath: work/
HADOOP_MAPPERS = 50
HADOOP_REDUCERS = 50
HADOOP_JAVA_OPTS = -Xmx1000m
HADOOP_TIMEOUT = 3600000
HADOOP_LOCALNODES = 1000
RESTART_INITIAL = 0
RESTART_TIP = 0
RESTART_TIP_REMAIN = 0
RESTART_COMPRESS = 0
RESTART_COMPRESS_REMAIN = 0
RESTART_SCAFF_PHASE = 0
RESTART_SCAFF_STAGE = null
RESTART_SCAFF_FRONTIER = 0
PREPROCESS_SUFFIX = 0
K = 12
MAXR5 = 250
MAXTHREADREADS = 250
TRIM5 = 0
TRIM3 = 0
RECORD_ALL_THREADS = 0
TIPLENGTH = 36
MAXBUBBLELEN = 60
BUBBLEEDITRATE = 0.05
LOW_COV_THRESH = 3.0
MAX_LOW_COV_LEN = 50
MIN_THREAD_WEIGHT = 5
INSERT_LEN = 0
MIN_WIGGLE = 30
MIN_CTG_LEN = 12
MIN_UNIQUE_COV = 0.0
MAX_UNIQUE_COV = 0.0
MAX_FRONTIER = 10
RUN_STATS = null
N50_TARGET = -1
CONVERT_FA = null
PRINT_FA = null
FASTA_MIN_LEN = 100
FASTA_MIN_COV = 2.0

== Starting time 2012-03-04 17:12:15
Contrail 0.8.2
==================================================================================
Input: ContrailPlus/
Workdir: ContrailPlus/
localBasePath: work/
HADOOP_MAPPERS = 50
HADOOP_REDUCERS = 50
HADOOP_JAVA_OPTS = -Xmx1000m
HADOOP_TIMEOUT = 3600000
HADOOP_LOCALNODES = 1000
RESTART_INITIAL = 0
RESTART_TIP = 0
RESTART_TIP_REMAIN = 0
RESTART_COMPRESS = 0
RESTART_COMPRESS_REMAIN = 0
RESTART_SCAFF_PHASE = 0
RESTART_SCAFF_STAGE = null
RESTART_SCAFF_FRONTIER = 0
PREPROCESS_SUFFIX = 0
K = 12
MAXR5 = 250
MAXTHREADREADS = 250
TRIM5 = 0
TRIM3 = 0
RECORD_ALL_THREADS = 0
TIPLENGTH = 36
MAXBUBBLELEN = 60
BUBBLEEDITRATE = 0.05
LOW_COV_THRESH = 3.0
MAX_LOW_COV_LEN = 50
MIN_THREAD_WEIGHT = 5
INSERT_LEN = 0
MIN_WIGGLE = 30
MIN_CTG_LEN = 12
MIN_UNIQUE_COV = 0.0
MAX_UNIQUE_COV = 0.0
MAX_FRONTIER = 10
RUN_STATS = null
N50_TARGET = -1
CONVERT_FA = null
PRINT_FA = null
FASTA_MIN_LEN = 100
FASTA_MIN_COV = 2.0

== Starting time 2012-03-04 17:29:41
Contrail 0.8.2
==================================================================================
Input: ContrailPlus/
Workdir: ContrailPlus/
localBasePath: work/
HADOOP_MAPPERS = 50
HADOOP_REDUCERS = 50
HADOOP_JAVA_OPTS = -Xmx1000m
HADOOP_TIMEOUT = 3600000
HADOOP_LOCALNODES = 1000
RESTART_INITIAL = 0
RESTART_TIP = 0
RESTART_TIP_REMAIN = 0
RESTART_COMPRESS = 0
RESTART_COMPRESS_REMAIN = 0
RESTART_SCAFF_PHASE = 0
RESTART_SCAFF_STAGE = null
RESTART_SCAFF_FRONTIER = 0
PREPROCESS_SUFFIX = 0
K = 12
MAXR5 = 250
MAXTHREADREADS = 250
TRIM5 = 0
TRIM3 = 0
RECORD_ALL_THREADS = 0
TIPLENGTH = 36
MAXBUBBLELEN = 60
BUBBLEEDITRATE = 0.05
LOW_COV_THRESH = 3.0
MAX_LOW_COV_LEN = 50
MIN_THREAD_WEIGHT = 5
INSERT_LEN = 0
MIN_WIGGLE = 30
MIN_CTG_LEN = 12
MIN_UNIQUE_COV = 0.0
MAX_UNIQUE_COV = 0.0
MAX_FRONTIER = 10
RUN_STATS = null
N50_TARGET = -1
CONVERT_FA = null
PRINT_FA = null
FASTA_MIN_LEN = 100
FASTA_MIN_COV = 2.0

== Starting time 2012-03-04 17:31:20
== Ending time 2012-03-04 17:32:09
== Duration: 48 s, 0 total steps
Contrail 0.8.2
==================================================================================
Input: ContrailPlus/
Workdir: ContrailPlus/
localBasePath: work/
HADOOP_MAPPERS = 50
HADOOP_REDUCERS = 50
HADOOP_JAVA_OPTS = -Xmx1000m
HADOOP_TIMEOUT = 3600000
HADOOP_LOCALNODES = 1000
RESTART_INITIAL = 0
RESTART_TIP = 0
RESTART_TIP_REMAIN = 0
RESTART_COMPRESS = 0
RESTART_COMPRESS_REMAIN = 0
RESTART_SCAFF_PHASE = 0
RESTART_SCAFF_STAGE = null
RESTART_SCAFF_FRONTIER = 0
PREPROCESS_SUFFIX = 0
K = 12
MAXR5 = 250
MAXTHREADREADS = 250
TRIM5 = 0
TRIM3 = 0
RECORD_ALL_THREADS = 0
TIPLENGTH = 36
MAXBUBBLELEN = 60
BUBBLEEDITRATE = 0.05
LOW_COV_THRESH = 3.0
MAX_LOW_COV_LEN = 50
MIN_THREAD_WEIGHT = 5
INSERT_LEN = 0
MIN_WIGGLE = 30
MIN_CTG_LEN = 12
MIN_UNIQUE_COV = 0.0
MAX_UNIQUE_COV = 0.0
MAX_FRONTIER = 10
RUN_STATS = null
N50_TARGET = -1
CONVERT_FA = null
PRINT_FA = null
FASTA_MIN_LEN = 100
FASTA_MIN_COV = 2.0

== Starting time 2012-03-04 17:39:43
== Ending time 2012-03-04 17:40:31
== Duration: 47 s, 0 total steps
Contrail 0.8.2
==================================================================================
Input: ContrailPlus/
Workdir: ContrailPlus/
localBasePath: work/
HADOOP_MAPPERS = 50
HADOOP_REDUCERS = 50
HADOOP_JAVA_OPTS = -Xmx1000m
HADOOP_TIMEOUT = 3600000
HADOOP_LOCALNODES = 1000
RESTART_INITIAL = 0
RESTART_TIP = 0
RESTART_TIP_REMAIN = 0
RESTART_COMPRESS = 0
RESTART_COMPRESS_REMAIN = 0
RESTART_SCAFF_PHASE = 0
RESTART_SCAFF_STAGE = null
RESTART_SCAFF_FRONTIER = 0
PREPROCESS_SUFFIX = 0
K = 12
MAXR5 = 250
MAXTHREADREADS = 250
TRIM5 = 0
TRIM3 = 0
RECORD_ALL_THREADS = 0
TIPLENGTH = 36
MAXBUBBLELEN = 60
BUBBLEEDITRATE = 0.05
LOW_COV_THRESH = 3.0
MAX_LOW_COV_LEN = 50
MIN_THREAD_WEIGHT = 5
INSERT_LEN = 0
MIN_WIGGLE = 30
MIN_CTG_LEN = 12
MIN_UNIQUE_COV = 0.0
MAX_UNIQUE_COV = 0.0
MAX_FRONTIER = 10
RUN_STATS = null
N50_TARGET = -1
CONVERT_FA = null
PRINT_FA = null
FASTA_MIN_LEN = 100
FASTA_MIN_COV = 2.0

== Starting time 2012-03-04 20:40:53
Contrail 0.8.2
==================================================================================
Input: ContrailPlus/
Workdir: ContrailPlus/
localBasePath: work/
HADOOP_MAPPERS = 50
HADOOP_REDUCERS = 50
HADOOP_JAVA_OPTS = -Xmx1000m
HADOOP_TIMEOUT = 3600000
HADOOP_LOCALNODES = 1000
RESTART_INITIAL = 0
RESTART_TIP = 0
RESTART_TIP_REMAIN = 0
RESTART_COMPRESS = 0
RESTART_COMPRESS_REMAIN = 0
RESTART_SCAFF_PHASE = 0
RESTART_SCAFF_STAGE = null
RESTART_SCAFF_FRONTIER = 0
PREPROCESS_SUFFIX = 0
K = 12
MAXR5 = 250
MAXTHREADREADS = 250
TRIM5 = 0
TRIM3 = 0
RECORD_ALL_THREADS = 0
TIPLENGTH = 36
MAXBUBBLELEN = 60
BUBBLEEDITRATE = 0.05
LOW_COV_THRESH = 3.0
MAX_LOW_COV_LEN = 50
MIN_THREAD_WEIGHT = 5
INSERT_LEN = 0
MIN_WIGGLE = 30
MIN_CTG_LEN = 12
MIN_UNIQUE_COV = 0.0
MAX_UNIQUE_COV = 0.0
MAX_FRONTIER = 10
RUN_STATS = null
N50_TARGET = -1
CONVERT_FA = null
PRINT_FA = null
FASTA_MIN_LEN = 100
FASTA_MIN_COV = 2.0

== Starting time 2012-03-04 20:42:53
== Ending time 2012-03-04 20:45:21
== Duration: 147 s, 0 total steps
Contrail 0.8.2
==================================================================================
Input: ContrailPlus/
Workdir: ContrailPlus/
localBasePath: work/
HADOOP_MAPPERS = 50
HADOOP_REDUCERS = 50
HADOOP_JAVA_OPTS = -Xmx1000m
HADOOP_TIMEOUT = 3600000
HADOOP_LOCALNODES = 1000
RESTART_INITIAL = 0
RESTART_TIP = 0
RESTART_TIP_REMAIN = 0
RESTART_COMPRESS = 0
RESTART_COMPRESS_REMAIN = 0
RESTART_SCAFF_PHASE = 0
RESTART_SCAFF_STAGE = null
RESTART_SCAFF_FRONTIER = 0
PREPROCESS_SUFFIX = 0
K = 12
MAXR5 = 250
MAXTHREADREADS = 250
TRIM5 = 0
TRIM3 = 0
RECORD_ALL_THREADS = 0
TIPLENGTH = 36
MAXBUBBLELEN = 60
BUBBLEEDITRATE = 0.05
LOW_COV_THRESH = 3.0
MAX_LOW_COV_LEN = 50
MIN_THREAD_WEIGHT = 5
INSERT_LEN = 0
MIN_WIGGLE = 30
MIN_CTG_LEN = 12
MIN_UNIQUE_COV = 0.0
MAX_UNIQUE_COV = 0.0
MAX_FRONTIER = 10
RUN_STATS = null
N50_TARGET = -1
CONVERT_FA = null
PRINT_FA = null
FASTA_MIN_LEN = 100
FASTA_MIN_COV = 2.0

== Starting time 2012-03-04 20:47:16
Preprocess singles:	Contrail 0.8.2
==================================================================================
Input: ContrailPlus/
Workdir: ContrailPlus/
localBasePath: work/
HADOOP_MAPPERS = 50
HADOOP_REDUCERS = 50
HADOOP_JAVA_OPTS = -Xmx1000m
HADOOP_TIMEOUT = 3600000
HADOOP_LOCALNODES = 1000
RESTART_INITIAL = 0
RESTART_TIP = 0
RESTART_TIP_REMAIN = 0
RESTART_COMPRESS = 0
RESTART_COMPRESS_REMAIN = 0
RESTART_SCAFF_PHASE = 0
RESTART_SCAFF_STAGE = null
RESTART_SCAFF_FRONTIER = 0
PREPROCESS_SUFFIX = 0
K = 12
MAXR5 = 250
MAXTHREADREADS = 250
TRIM5 = 0
TRIM3 = 0
RECORD_ALL_THREADS = 0
TIPLENGTH = 36
MAXBUBBLELEN = 60
BUBBLEEDITRATE = 0.05
LOW_COV_THRESH = 3.0
MAX_LOW_COV_LEN = 50
MIN_THREAD_WEIGHT = 5
INSERT_LEN = 0
MIN_WIGGLE = 30
MIN_CTG_LEN = 12
MIN_UNIQUE_COV = 0.0
MAX_UNIQUE_COV = 0.0
MAX_FRONTIER = 10
RUN_STATS = null
N50_TARGET = -1
CONVERT_FA = null
PRINT_FA = null
FASTA_MIN_LEN = 100
FASTA_MIN_COV = 2.0

== Starting time 2012-03-04 20:51:58
Preprocess singles:	job_201203042037_0017 21 s  12500 converted
Contrail 0.8.2
==================================================================================
Input: ContrailPlus/
Workdir: ContrailPlus/
localBasePath: work/
HADOOP_MAPPERS = 50
HADOOP_REDUCERS = 50
HADOOP_JAVA_OPTS = -Xmx1000m
HADOOP_TIMEOUT = 3600000
HADOOP_LOCALNODES = 1000
RESTART_INITIAL = 0
RESTART_TIP = 0
RESTART_TIP_REMAIN = 0
RESTART_COMPRESS = 0
RESTART_COMPRESS_REMAIN = 0
RESTART_SCAFF_PHASE = 0
RESTART_SCAFF_STAGE = null
RESTART_SCAFF_FRONTIER = 0
PREPROCESS_SUFFIX = 0
K = 12
MAXR5 = 250
MAXTHREADREADS = 250
TRIM5 = 0
TRIM3 = 0
RECORD_ALL_THREADS = 0
TIPLENGTH = 36
MAXBUBBLELEN = 60
BUBBLEEDITRATE = 0.05
LOW_COV_THRESH = 3.0
MAX_LOW_COV_LEN = 50
MIN_THREAD_WEIGHT = 5
INSERT_LEN = 0
MIN_WIGGLE = 30
MIN_CTG_LEN = 12
MIN_UNIQUE_COV = 0.0
MAX_UNIQUE_COV = 0.0
MAX_FRONTIER = 10
RUN_STATS = null
N50_TARGET = -1
CONVERT_FA = null
PRINT_FA = null
FASTA_MIN_LEN = 100
FASTA_MIN_COV = 2.0

== Starting time 2012-03-04 21:15:06
Preprocess singles:	job_201203042037_0027 21 s  12500 converted
Preprocess ContrailPlus/Quake_Final_Out,ContrailPlus/Quake_Singles_Out:	job_201203042037_0038 33 s  29070 converted
Build Initial:	job_201203042037_0039 517 s  48332 nodes [29070 (100.00%) good reads, 3235623 bp]
  Quick Merge:	job_201203042037_0040 486 s  44366 saved
  Compressible:	job_201203042037_0041 505 s  5050 compressible
  Mark 1:	job_201203042037_0042 498 s  1325 marked
  Merge 1:	job_201203042037_0043 505 s  1740 remaining (-65.00%)
  Mark 2:	job_201203042037_0044 499 s  657 marked
  Merge 2:	job_201203042037_0045 513 s  878 remaining (-49.00%)
  QMark 3:	job_201203042037_0046 508 s  1267 marked
  QMerge 3:	job_201203042037_0047 508 s  0 remaining (-100.00%)
Save result to 02-initialcmp

Compute Stats 02-initialcmp:	job_201203042037_0048 288 s

Stats 02-initialcmp
==================================================================================
Cutoff	Cnt	Sum	Mean	N50	N50Cnt	Deg	Cov
>250	7	2110	301.43	279	4	2.00	58.54
>100	174	26463	152.09	157	67	1.94	59.00
>50	435	44915	103.25	115	137	1.95	58.43
>1	1441	64183	44.54	0	0	2.15	64.66
	
max_1:	373	373
max_2:	336	709
max_3:	323	1032
max_4:	279	1311
max_5:	276	1587
max_6:	262	1849
max_7:	261	2110
max_8:	249	2359
max_9:	246	2605
max_10:	245	2850

Remove Tips 1:	job_201203042037_0049 561 s  20 tips found, 0 remaining
  Compressible:	job_201203042037_0050 508 s  40 compressible
  QMark 1:	job_201203042037_0051 515 s  97 marked
  QMerge 1:	job_201203042037_0052 505 s  0 remaining (-100.00%)
Save result to 03-notips.1.cmp

Remove Tips 2:	job_201203042037_0053 487 s  0 tips found, 0 remaining
Save result to 04-notipscmp


Compute Stats 04-notipscmp:	job_201203042037_0054 220 s

Stats 04-notipscmp
==================================================================================
Cutoff	Cnt	Sum	Mean	N50	N50Cnt	Deg	Cov
>250	7	2110	301.43	279	4	2.00	58.54
>100	174	26466	152.10	157	67	1.96	59.01
>50	435	44926	103.28	115	137	1.97	58.43
>1	1401	63525	45.34	0	0	2.17	64.97
	
max_1:	373	373
max_2:	336	709
max_3:	323	1032
max_4:	279	1311
max_5:	276	1587
max_6:	262	1849
max_7:	261	2110
max_8:	249	2359
max_9:	246	2605
max_10:	245	2850

Find Bubbles 1:	job_201203042037_0055 489 s  530 potential bubbles
  Pop 1:	job_201203042037_0056 520 s  0 bubbles popped
Save result to 06-nobubblescmp


Compute Stats 06-nobubblescmp:	job_201203042037_0057 219 s

Stats 06-nobubblescmp
==================================================================================
Cutoff	Cnt	Sum	Mean	N50	N50Cnt	Deg	Cov
>250	7	2110	301.43	279	4	2.00	58.54
>100	174	26466	152.10	157	67	1.96	59.01
>50	435	44926	103.28	115	137	1.97	58.43
>1	1401	63525	45.34	0	0	2.17	64.97
	
max_1:	373	373
max_2:	336	709
max_3:	323	1032
max_4:	279	1311
max_5:	276	1587
max_6:	262	1849
max_7:	261	2110
max_8:	249	2359
max_9:	246	2605
max_10:	245	2850

Remove Low Coverage:	job_201203042037_0058 487 s  0 low coverage nodes removed
Save result to 08-lowcovcmp

Compute Stats 08-lowcovcmp:	job_201203042037_0059 227 s

Stats 08-lowcovcmp
==================================================================================
Cutoff	Cnt	Sum	Mean	N50	N50Cnt	Deg	Cov
>250	7	2110	301.43	279	4	2.00	58.54
>100	174	26466	152.10	157	67	1.96	59.01
>50	435	44926	103.28	115	137	1.97	58.43
>1	1401	63525	45.34	0	0	2.17	64.97
	
max_1:	373	373
max_2:	336	709
max_3:	323	1032
max_4:	279	1311
max_5:	276	1587
max_6:	262	1849
max_7:	261	2110
max_8:	249	2359
max_9:	246	2605
max_10:	245	2850

Thread Repeats 1:	job_201203042037_0060 493 s  0 threadible (0 xcut, 69 half, 4 deadend)
Save result to 10-repeatscmp


Compute Stats 10-repeatscmp:	job_201203042037_0061 234 s

Stats 10-repeatscmp
==================================================================================
Cutoff	Cnt	Sum	Mean	N50	N50Cnt	Deg	Cov
>250	7	2110	301.43	279	4	2.00	58.54
>100	174	26466	152.10	157	67	1.96	59.01
>50	435	44926	103.28	115	137	1.97	58.43
>1	1401	63525	45.34	0	0	2.17	64.97
	
max_1:	373	373
max_2:	336	709
max_3:	323	1032
max_4:	279	1311
max_5:	276	1587
max_6:	262	1849
max_7:	261	2110
max_8:	249	2359
max_9:	246	2605
max_10:	245	2850

convertFasta 10-repeatscmp:	job_201203042037_0062 213 s  174 converted (len >= 100 cov >= 2.0)
Save result to 99-final

Save result to 99-final.stats

convertFasta 99-final:	job_201203042037_0063 207 s  174 converted (len >= 100 cov >= 2.0)
== Ending time 2012-03-05 00:24:07
== Duration: 11340 s, 27 total steps
